<?xml version="1.0" encoding="UTF-8"?>
<!-- Generated by org.testng.reporters.JUnitReportReporter -->
<testsuite hostname="Bhawna" failures="0" tests="1" name="com.cucumberTests.runner.CucumberRunnerSimple" time="0.055" errors="0" timestamp="2023-06-15T10:28:31 PDT" skipped="0">
  <testcase classname="com.cucumberTests.runner.CucumberRunnerSimple" name="runScenario" time="0.055"/>
  <system-out/>
</testsuite> <!-- com.cucumberTests.runner.CucumberRunnerSimple -->
